0 info it worked if it ends with ok
1 verbose cli [ 'c:\\node\\node.exe',
1 verbose cli   'c:\\node\\node_modules\\npm\\bin\\npm-cli.js',
1 verbose cli   'install',
1 verbose cli   'angular-native-picker' ]
2 info using npm@1.4.28
3 info using node@v0.10.35
4 warn package.json sunhoopsapp@1.0.0 No repository field.
5 warn package.json sunhoopsapp@1.0.0 No README data
6 verbose readDependencies using package.json deps
7 verbose cache add [ 'angular-native-picker', null ]
8 verbose cache add name=undefined spec="angular-native-picker" args=["angular-native-picker",null]
9 verbose parsed url { protocol: null,
9 verbose parsed url   slashes: null,
9 verbose parsed url   auth: null,
9 verbose parsed url   host: null,
9 verbose parsed url   port: null,
9 verbose parsed url   hostname: null,
9 verbose parsed url   hash: null,
9 verbose parsed url   search: null,
9 verbose parsed url   query: null,
9 verbose parsed url   pathname: 'angular-native-picker',
9 verbose parsed url   path: 'angular-native-picker',
9 verbose parsed url   href: 'angular-native-picker' }
10 silly lockFile c980115f-angular-native-picker angular-native-picker
11 verbose lock angular-native-picker C:\Users\Randy\AppData\Roaming\npm-cache\c980115f-angular-native-picker.lock
12 silly lockFile c980115f-angular-native-picker angular-native-picker
13 silly lockFile c980115f-angular-native-picker angular-native-picker
14 verbose addNamed [ 'angular-native-picker', '' ]
15 verbose addNamed [ null, '*' ]
16 silly lockFile 1ba3eb16-angular-native-picker angular-native-picker@
17 verbose lock angular-native-picker@ C:\Users\Randy\AppData\Roaming\npm-cache\1ba3eb16-angular-native-picker.lock
18 silly addNameRange { name: 'angular-native-picker', range: '*', hasData: false }
19 verbose request where is /angular-native-picker
20 verbose request registry https://registry.npmjs.org/
21 verbose request id fb55835505d1254b
22 verbose url raw /angular-native-picker
23 verbose url resolving [ 'https://registry.npmjs.org/', './angular-native-picker' ]
24 verbose url resolved https://registry.npmjs.org/angular-native-picker
25 verbose request where is https://registry.npmjs.org/angular-native-picker
26 info trying registry request attempt 1 at 23:27:10
27 http GET https://registry.npmjs.org/angular-native-picker
28 http 404 https://registry.npmjs.org/angular-native-picker
29 verbose headers { date: 'Wed, 18 Mar 2015 22:27:08 GMT',
29 verbose headers   server: 'CouchDB/1.5.0 (Erlang OTP/R16B03)',
29 verbose headers   'content-type': 'application/json',
29 verbose headers   'cache-control': 'max-age=0',
29 verbose headers   'content-length': '51',
29 verbose headers   'accept-ranges': 'bytes',
29 verbose headers   via: '1.1 varnish',
29 verbose headers   age: '0',
29 verbose headers   'x-served-by': 'cache-fra1227-FRA',
29 verbose headers   'x-cache': 'MISS',
29 verbose headers   'x-cache-hits': '0',
29 verbose headers   'x-timer': 'S1426717627.901353,VS0,VE105',
29 verbose headers   'keep-alive': 'timeout=10, max=50',
29 verbose headers   connection: 'Keep-Alive' }
30 silly registry.get cb [ 404,
30 silly registry.get   { date: 'Wed, 18 Mar 2015 22:27:08 GMT',
30 silly registry.get     server: 'CouchDB/1.5.0 (Erlang OTP/R16B03)',
30 silly registry.get     'content-type': 'application/json',
30 silly registry.get     'cache-control': 'max-age=0',
30 silly registry.get     'content-length': '51',
30 silly registry.get     'accept-ranges': 'bytes',
30 silly registry.get     via: '1.1 varnish',
30 silly registry.get     age: '0',
30 silly registry.get     'x-served-by': 'cache-fra1227-FRA',
30 silly registry.get     'x-cache': 'MISS',
30 silly registry.get     'x-cache-hits': '0',
30 silly registry.get     'x-timer': 'S1426717627.901353,VS0,VE105',
30 silly registry.get     'keep-alive': 'timeout=10, max=50',
30 silly registry.get     connection: 'Keep-Alive' } ]
31 silly lockFile 1ba3eb16-angular-native-picker angular-native-picker@
32 silly lockFile 1ba3eb16-angular-native-picker angular-native-picker@
33 error 404 404 Not Found: angular-native-picker
33 error 404
33 error 404 'angular-native-picker' is not in the npm registry.
33 error 404 You should bug the author to publish it
33 error 404 It was specified as a dependency of 'sunhoopsapp'
33 error 404
33 error 404 Note that you can also install from a
33 error 404 tarball, folder, or http url, or git url.
34 error System Windows_NT 6.1.7601
35 error command "c:\\node\\node.exe" "c:\\node\\node_modules\\npm\\bin\\npm-cli.js" "install" "angular-native-picker"
36 error cwd C:\Users\Randy\Documents\IonicApps\sunhoopsApp
37 error node -v v0.10.35
38 error npm -v 1.4.28
39 error code E404
40 verbose exit [ 1, true ]
